\BOOKMARK [1][-]{section*.1}{\376\377\000C\000o\000n\000t\000e\000n\000t\000s}{}% 1
\BOOKMARK [1][-]{section*.2}{\376\377\000I\000n\000t\000r\000o\000d\000u\000c\000t\000i\000o\000n\000\040}{}% 2
\BOOKMARK [2][-]{section*.3}{\376\377\000\040\000C\000o\000p\000p\000e\000r\000\040\000s\000i\000t\000u\000a\000t\000i\000o\000n\000\040\000i\000s\000\040\000c\000o\000n\000f\000u\000s\000i\000n\000g\000\040\000a\000n\000d\000\040\000d\000e\000f\000i\000c\000i\000e\000n\000c\000y\000\040\000o\000f\000t\000e\000n\000\040\000i\000g\000n\000o\000r\000e\000d\000\040\000b\000y\000\040\000d\000o\000c\000t\000o\000r\000s}{section*.2}% 3
\BOOKMARK [2][-]{section*.4}{\376\377\000\040\000I\000n\000\040\000m\000a\000n\000y\000\040\000c\000a\000s\000e\000s\000\040\000c\000o\000n\000f\000u\000s\000i\000o\000n\000\040\000m\000a\000y\000\040\000b\000e\000\040\000d\000u\000e\000\040\000t\000o\000\040\000i\000n\000t\000e\000r\000a\000c\000t\000i\000o\000n\000\040\000w\000i\000t\000h\000\040\000o\000v\000e\000r\000a\000l\000l\000\040\000d\000i\000e\000t\000\040}{section*.2}% 4
\BOOKMARK [2][-]{section*.5}{\376\377\000\040\000C\000o\000p\000p\000e\000r\000\040\000e\000x\000c\000e\000s\000s\000\040\000o\000b\000s\000e\000r\000v\000e\000d\000\040\000i\000n\000\040\000d\000o\000g\000s\000\040\000m\000i\000s\000l\000e\000a\000d\000i\000n\000g\000\040}{section*.2}% 5
\BOOKMARK [2][-]{section*.6}{\376\377\000\040\000C\000o\000p\000p\000e\000r\000\040\000s\000t\000a\000t\000u\000s\000\040\000i\000s\000\040\000a\000m\000b\000i\000g\000u\000o\000u\000s\000\040\000f\000r\000o\000m\000\040\000b\000i\000o\000c\000h\000e\000m\000i\000s\000t\000y\000\040\000a\000n\000d\000\040\000c\000l\000i\000n\000i\000c\000a\000l\000\040\000o\000u\000t\000c\000o\000m\000e\000s\000\040}{section*.2}% 6
\BOOKMARK [2][-]{section*.7}{\376\377\000\040\000C\000o\000p\000p\000e\000r\000\040\000r\000e\000l\000a\000t\000e\000d\000\040\000o\000u\000t\000c\000o\000m\000e\000s\000\040\000d\000e\000p\000e\000n\000d\000\040\000o\000n\000\040\000e\000v\000e\000r\000y\000t\000h\000i\000n\000g\000\040\000s\000t\000a\000r\000t\000i\000n\000g\000\040\000w\000i\000t\000h\000\040\000G\000I\000\040\000t\000r\000a\000c\000t\000\040}{section*.2}% 7
\BOOKMARK [2][-]{section*.8}{\376\377\000\040\000T\000h\000i\000s\000\040\000k\000i\000n\000d\000\040\000o\000f\000\040\000c\000o\000n\000f\000u\000s\000i\000o\000n\000\040\000i\000s\000\040\000c\000o\000m\000m\000o\000n\000\040\000f\000o\000r\000\040\000r\000e\000c\000u\000r\000r\000i\000n\000g\000\040\000r\000e\000a\000s\000o\000n\000s\000\040}{section*.2}% 8
\BOOKMARK [2][-]{section*.9}{\376\377\000\040\000C\000o\000p\000p\000r\000\040\000a\000n\000d\000\040\000b\000l\000o\000o\000d\000\040\000p\000r\000e\000s\000s\000u\000r\000e\000\040}{section*.2}% 9
\BOOKMARK [2][-]{section*.10}{\376\377\000\040\000C\000o\000p\000p\000e\000r\000\040\000i\000n\000t\000e\000r\000a\000c\000t\000i\000o\000n\000s\000\040\000w\000i\000t\000h\000\040\000W\000H\000Y\000\040\000a\000n\000d\000\040\000c\000l\000i\000n\000i\000c\000a\000l\000\040\000i\000m\000p\000a\000c\000t\000\040\000o\000f\000\040\000C\000u\000\040}{section*.2}% 10
\BOOKMARK [2][-]{section*.11}{\376\377\000\040\000R\000e\000c\000e\000n\000t\000\040\000S\000i\000m\000i\000l\000a\000r\000\040\000W\000o\000r\000k\000\040}{section*.2}% 11
\BOOKMARK [2][-]{section*.12}{\376\377\000\040\000C\000o\000p\000p\000e\000r\000\040\000r\000i\000c\000h\000\040\000d\000i\000e\000t\000s\000\040\000f\000o\000r\000\040\000d\000o\000g\000s\000\040\000a\000n\000d\000\040\000p\000e\000o\000p\000l\000e\000\040\000a\000r\000e\000\040\000w\000o\000r\000t\000h\000\040\000c\000o\000n\000s\000i\000d\000e\000r\000a\000t\000i\000o\000n\000\040}{section*.2}% 12
\BOOKMARK [1][-]{section*.13}{\376\377\000\040\000D\000i\000s\000e\000a\000s\000e\000s\000\040\000o\000f\000\040\000I\000n\000t\000e\000r\000e\000s\000t\000\040}{}% 13
\BOOKMARK [2][-]{section*.14}{\376\377\000\040\000C\000o\000l\000l\000a\000p\000s\000e\000d\000\040\000T\000r\000a\000c\000h\000e\000a\000\040}{section*.13}% 14
\BOOKMARK [2][-]{section*.15}{\376\377\000\040\000D\000C\000M\000/\000H\000C\000M}{section*.13}% 15
\BOOKMARK [2][-]{section*.16}{\376\377\000\040\000I\000n\000f\000e\000c\000t\000i\000o\000n\000\040}{section*.13}% 16
\BOOKMARK [2][-]{section*.17}{\376\377\000\040\000T\000h\000y\000r\000o\000i\000d\000\040}{section*.13}% 17
\BOOKMARK [2][-]{section*.18}{\376\377\000\040\000A\000D\000,\000\040\000P\000D\000,\000\040\000A\000L\000S\000,\000\040\000A\000r\000t\000h\000r\000i\000t\000i\000s\000\040}{section*.13}% 18
\BOOKMARK [2][-]{section*.19}{\376\377\000\040\000C\000a\000n\000c\000e\000r\000\040}{section*.13}% 19
\BOOKMARK [1][-]{section*.20}{\376\377\000\040\000F\000u\000n\000c\000t\000i\000o\000n\000s\000\040\000o\000f\000\040\000I\000n\000t\000e\000r\000e\000s\000t\000\040}{}% 20
\BOOKMARK [2][-]{section*.21}{\376\377\000\040\000C\000y\000t\000o\000c\000h\000r\000o\000m\000e\000\040\000C\000\040\000O\000x\000i\000d\000a\000s\000e\000\040}{section*.20}% 21
\BOOKMARK [2][-]{section*.22}{\376\377\000\040\000L\000y\000s\000y\000l\000\040\000O\000x\000i\000d\000a\000s\000e\000\040}{section*.20}% 22
\BOOKMARK [2][-]{section*.23}{\376\377\000\040\000C\000e\000r\000u\000l\000o\000p\000l\000a\000s\000m\000i\000n\000\040}{section*.20}% 23
\BOOKMARK [2][-]{section*.24}{\376\377\000\040\000M\000a\000c\000r\000o\000p\000h\000a\000g\000e\000\040\000e\000t\000\040\000a\000l\000\040}{section*.20}% 24
\BOOKMARK [2][-]{section*.25}{\376\377\000\040\000A\000s\000s\000o\000c\000i\000a\000t\000e\000d\000\040\000E\000n\000t\000i\000t\000i\000e\000s\000\040\000-\000\040\000h\000i\000s\000t\000i\000d\000i\000n\000e\000\040\000a\000n\000d\000\040\000g\000a\000r\000l\000i\000c\000\040\000e\000t\000c\000\040}{section*.20}% 25
\BOOKMARK [1][-]{section*.26}{\376\377\000C\000a\000s\000e\000s\000\040\000a\000n\000d\000\040\000O\000b\000s\000e\000r\000v\000a\000t\000i\000o\000n\000s}{}% 26
\BOOKMARK [2][-]{section*.27}{\376\377\000C\000o\000o\000k\000i\000e\000\040\000o\000r\000\040\000M\000i\000x\000i\000e}{section*.26}% 27
\BOOKMARK [2][-]{section*.28}{\376\377\000B\000r\000o\000w\000n\000i\000e\000\040\000a\000n\000d\000\040\000p\000u\000p\000p\000i\000e\000s}{section*.26}% 28
\BOOKMARK [2][-]{section*.29}{\376\377\000H\000a\000p\000p\000y}{section*.26}% 29
\BOOKMARK [2][-]{section*.30}{\376\377\000T\000r\000i\000x\000i\000e}{section*.26}% 30
\BOOKMARK [2][-]{section*.31}{\376\377\000R\000o\000c\000k\000y}{section*.26}% 31
\BOOKMARK [2][-]{section*.32}{\376\377\000A\000n\000n\000i\000e}{section*.26}% 32
\BOOKMARK [2][-]{section*.33}{\376\377\000H\000e\000r\000s\000h\000e\000y}{section*.26}% 33
\BOOKMARK [1][-]{section*.34}{\376\377\000D\000i\000s\000c\000u\000s\000s\000i\000o\000n\000\040}{}% 34
\BOOKMARK [1][-]{section*.35}{\376\377\000L\000i\000m\000i\000t\000a\000t\000i\000o\000n\000s}{}% 35
\BOOKMARK [1][-]{section*.36}{\376\377\000C\000o\000n\000c\000l\000u\000s\000i\000o\000n\000s}{}% 36
\BOOKMARK [1][-]{section*.37}{\376\377\000S\000u\000p\000p\000l\000e\000m\000e\000n\000t\000a\000l\000\040\000I\000n\000f\000o\000r\000m\000a\000t\000i\000o\000n}{}% 37
\BOOKMARK [2][-]{section*.38}{\376\377\000C\000o\000m\000p\000u\000t\000e\000r\000\040\000C\000o\000d\000e}{section*.37}% 38
\BOOKMARK [1][-]{section*.39}{\376\377\000B\000i\000b\000l\000i\000o\000g\000r\000a\000p\000h\000y}{}% 39
\BOOKMARK [1][-]{section*.40}{\376\377\000R\000e\000f\000e\000r\000e\000n\000c\000e\000s}{}% 40
\BOOKMARK [1][-]{section*.41}{\376\377\000A\000c\000k\000n\000o\000w\000l\000e\000d\000g\000m\000e\000n\000t\000s}{}% 41
\BOOKMARK [1][-]{section*.42}{\376\377\000\040\000S\000t\000a\000t\000e\000m\000e\000n\000t\000\040\000o\000f\000\040\000C\000o\000n\000f\000l\000i\000c\000t\000s\000\040}{}% 42
\BOOKMARK [1][-]{section*.43}{\376\377\000A\000b\000o\000u\000t\000\040\000t\000h\000e\000\040\000A\000u\000t\000h\000o\000r\000s\000\040\000a\000n\000d\000\040\000F\000a\000c\000i\000l\000i\000t\000y}{}% 43
\BOOKMARK [1][-]{section*.44}{\376\377\000S\000o\000m\000e\000\040\000C\000o\000m\000m\000o\000n\000\040\000L\000o\000g\000i\000c\000a\000l\000\040\000F\000a\000l\000l\000a\000c\000i\000e\000s\000\040\000a\000n\000d\000\040\000M\000i\000s\000d\000i\000r\000e\000c\000t\000i\000o\000n\000s}{}% 44
\BOOKMARK [1][-]{section*.45}{\376\377\000B\000a\000c\000k\000g\000r\000o\000u\000n\000d\000\040\000D\000i\000e\000t\000\040\000S\000u\000m\000n\000a\000r\000y}{}% 45
\BOOKMARK [1][-]{section*.46}{\376\377\000N\000o\000t\000a\000b\000l\000e\000\040\000F\000o\000o\000d\000\040\000C\000o\000m\000p\000o\000n\000e\000n\000t\000s\000\040\000w\000i\000t\000h\000\040\000C\000o\000p\000p\000e\000r\000\040\000I\000n\000t\000e\000r\000a\000c\000t\000i\000o\000n\000s}{}% 46
\BOOKMARK [1][-]{section*.47}{\376\377\000S\000y\000m\000b\000o\000l\000s\000,\000\040\000A\000b\000b\000r\000e\000v\000i\000a\000t\000i\000o\000n\000s\000\040\000a\000n\000d\000\040\000C\000o\000l\000l\000o\000q\000u\000i\000a\000l\000i\000s\000m\000s}{}% 47
\BOOKMARK [1][-]{section*.48}{\376\377\000G\000e\000n\000e\000r\000a\000l\000\040\000c\000a\000v\000e\000a\000t\000s\000\040\000a\000n\000d\000\040\000d\000i\000s\000c\000l\000a\000i\000m\000e\000r\000\040}{}% 48
\BOOKMARK [1][-]{section*.49}{\376\377\000C\000i\000t\000i\000n\000g\000\040\000t\000h\000i\000s\000\040\000a\000s\000\040\000a\000\040\000t\000e\000c\000h\000\040\000r\000e\000p\000o\000r\000t\000\040\000o\000r\000\040\000w\000h\000i\000t\000e\000\040\000p\000a\000p\000e\000r\000\040}{}% 49
