This is LuaHBTeX, Version 1.17.0 (TeX Live 2023/Debian)  (format=lualatex 2025.5.11)  12 MAY 2025 06:23
 restricted system commands enabled.
 file:line:error style messages enabled.
**copper.tex
(./copper.tex
LaTeX2e <2023-11-01> patch level 1
L3 programming layer <2024-01-22>
Lua module: luaotfload 2023-08-31 3.26 Lua based OpenType font support
Lua module: lualibs 2023-07-13 2.76 ConTeXt Lua standard libraries.
Lua module: lualibs-extended 2023-07-13 2.76 ConTeXt Lua libraries -- extended c
ollection.
luaotfload | conf : Root cache directory is "/home/marchywka/.texlive2023/texmf-
var/luatex-cache/generic/names".
luaotfload | init : Loading fontloader "fontloader-2023-08-19.lua" from kpse-res
olved path "/usr/share/texlive/texmf-dist/tex/luatex/luaotfload/fontloader-2023-
08-19.lua".
Lua-only attribute luaotfload@noligature = 1
luaotfload | init : Context OpenType loader version 3.133
Inserting `luaotfload.node_processor' in `pre_linebreak_filter'.
Inserting `luaotfload.node_processor' in `hpack_filter'.
Inserting `luaotfload.glyph_stream' in `glyph_stream_provider'.
Inserting `luaotfload.define_font' in `define_font'.
Lua-only attribute luaotfload_color_attribute = 2
luaotfload | conf : Root cache directory is "/home/marchywka/.texlive2023/texmf-
var/luatex-cache/generic/names".
Inserting `luaotfload.harf.strip_prefix' in `find_opentype_file'.
Inserting `luaotfload.harf.strip_prefix' in `find_truetype_file'.
Removing  `luaotfload.glyph_stream' from `glyph_stream_provider'.
Inserting `luaotfload.harf.glyphstream' in `glyph_stream_provider'.
Inserting `luaotfload.harf.finalize_vlist' in `post_linebreak_filter'.
Inserting `luaotfload.harf.finalize_hlist' in `hpack_filter'.
Inserting `luaotfload.cleanup_files' in `wrapup_run'.
Inserting `luaotfload.harf.finalize_unicode' in `finish_pdffile'.
Inserting `luaotfload.glyphinfo' in `glyph_info'.
Lua-only attribute luaotfload.letterspace_done = 3
Inserting `luaotfload.aux.set_sscale_dimens' in `luaotfload.patch_font'.
Inserting `luaotfload.aux.set_font_index' in `luaotfload.patch_font'.
Inserting `luaotfload.aux.patch_cambria_domh' in `luaotfload.patch_font'.
Inserting `luaotfload.aux.fixup_fontdata' in `luaotfload.patch_font_unsafe'.
Inserting `luaotfload.aux.set_capheight' in `luaotfload.patch_font'.
Inserting `luaotfload.aux.set_xheight' in `luaotfload.patch_font'.
Inserting `luaotfload.rewrite_fontname' in `luaotfload.patch_font'.
Inserting `tracingstacklevels' in `input_level_string'. (/home/documents/latex/
share/includes/myrevtexheaders.tex
(/usr/share/texlive/texmf-dist/tex/latex/revtex/revtex4-2.cls
Document Class: revtex4-2 2022/06/05 4.2f (https://journals.aps.org/revtex/ for
 documentation)
 Copyright (c) 2019 American Physical Society.
 mailto:revtex@aps.org
 Licensed under the LPPL:
http://www.ctan.org/tex-archive/macros/latex/base/lppl.txt
 Arthur Ogawa <arthur_ogawa at sbcglobal dot net>
 Based on work by David Carlisle <david at dcarlisle.demon.co.uk>
 Version (4.2d--4.2f): Modified by Mark Doyle and Phelype Oleinik
 .
ltxutil[2022/06/05 4.2f utilities package (portions licensed from W. E. Baxter 
web at superscript.com)]
LaTeX Info: Redefining \@centercr on input line 356.
Class revtex4-2 Info: Repairing broken LaTeX eqnarray on input line 417.
\eqncolsep=\skip48
Class revtex4-2 Info: Repairing hyperref-unfriendly LaTeX definition of \mpfoot
note on input line 492.
Class revtex4-2 Info: Repairing broken LateX \@sect on input line 814.
\intertabularlinepenalty=\count185
\@tbpen=\count186
\@arstrutbox@hline=\box51
Class revtex4-2 Info: Repairing broken LaTeX \@xbitor on input line 1845.
Class revtex4-2 Info: Making \typeout \long on input line 2110.
ltxfront[2022/06/05 4.2f frontmatter package (AO,DPC,MD)]
\c@affil=\count187
\c@collab=\count188
\absbox=\box52
ltxgrid[2022/06/05 4.2f page grid package (portions licensed from W. E. Baxter 
web at superscript.com)]
\c@linecount=\count189
\output@latex=\toks17
\box@size@1=\box53
\box@size@2=\box54
\@protection@box=\box55
\@topmark@saved=\toks18
\footins@saved=\box56
\footins@recovered=\box57
\column@recovered=\box58
\pagesofar=\box59
\footsofar=\box60
\pagegrid@col=\count190
Class revtex4-2 Info: Overriding \@vspace, \@vspacer, \@no@pgbk, \@newline, and
 \\  on input line 5676.
\c@part=\count191
\c@section=\count192
\c@subsection=\count193
\c@subsubsection=\count194
\c@paragraph=\count195
\c@subparagraph=\count196
\abovecaptionskip=\skip49
\belowcaptionskip=\skip50
\c@figure=\count197
\fbox@1=\box61
\c@table=\count198
\fbox@2=\box62
\c@video=\count199
\fbox@4=\box63
\@bibdataout=\write3
\widetext@top=\box64
\widetext@bot=\box65
Class revtex4-2 Info: Selecting society aps on input line 7669.
(/usr/share/texlive/texmf-dist/tex/latex/revtex/aps4-2.rtx
File: aps4-2 2022/06/05 4.2f (https://journals.aps.org/revtex/ for documentatio
n)
Class revtex4-2 Info: RevTeX society APS selected on input line 40.
)

Class revtex4-2 Warning: No journal specified, using default pra.

Class revtex4-2 Info: APS journal PRA selected on input line 7672.

Class revtex4-2 Warning: No type size specified, using default 10.

(/usr/share/texlive/texmf-dist/tex/latex/revtex/aps10pt4-2.rtx
File: aps10pt4-2 2022/06/05 4.2f (https://journals.aps.org/revtex/ for document
ation)
Class revtex4-2 Info: RevTeX pointsize 10pt selected on input line 39.
)
(/usr/share/texlive/texmf-dist/tex/latex/textcase/textcase.sty
Package: textcase 2023/07/27 v1.04 Text only upper/lower case changing (DPC)
Package textcase Info: Defining Legacy names on input line 20.
)
(/usr/share/texlive/texmf-dist/tex/latex/amsfonts/amssymb.sty
Package: amssymb 2013/01/14 v3.01 AMS font symbols

(/usr/share/texlive/texmf-dist/tex/latex/amsfonts/amsfonts.sty
Package: amsfonts 2013/01/14 v3.01 Basic AMSFonts support
\@emptytoks=\toks19
\symAMSa=\mathgroup4
\symAMSb=\mathgroup5
LaTeX Font Info:    Redeclaring math symbol \hbar on input line 98.
LaTeX Font Info:    Overwriting math alphabet `\mathfrak' in version `bold'
(Font)                  U/euf/m/n --> U/euf/b/n on input line 106.
))
(/usr/share/texlive/texmf-dist/tex/latex/amsmath/amsmath.sty
Package: amsmath 2023/05/13 v2.17o AMS math features
\@mathmargin=\skip51

For additional information on amsmath, use the `?' option.
(/usr/share/texlive/texmf-dist/tex/latex/amsmath/amstext.sty
Package: amstext 2021/08/26 v2.01 AMS text

(/usr/share/texlive/texmf-dist/tex/latex/amsmath/amsgen.sty
File: amsgen.sty 1999/11/30 v2.0 generic functions
\@emptytoks=\toks20
\ex@=\dimen139
)
LaTeX Info: Redefining \text on input line 28.
)
(/usr/share/texlive/texmf-dist/tex/latex/amsmath/amsbsy.sty
Package: amsbsy 1999/11/29 v1.2d Bold Symbols
\pmbraise@=\dimen140
)
(/usr/share/texlive/texmf-dist/tex/latex/amsmath/amsopn.sty
Package: amsopn 2022/04/08 v2.04 operator names
)
\inf@bad=\count266
LaTeX Info: Redefining \frac on input line 236.
\uproot@=\count267
\leftroot@=\count268
LaTeX Info: Redefining \overline on input line 399.
LaTeX Info: Redefining \colon on input line 410.
\classnum@=\count269
\DOTSCASE@=\count270
LaTeX Info: Redefining \ldots on input line 496.
LaTeX Info: Redefining \dots on input line 499.
LaTeX Info: Redefining \cdots on input line 620.
\Mathstrutbox@=\box66
\strutbox@=\box67
LaTeX Info: Redefining \big on input line 722.
LaTeX Info: Redefining \Big on input line 723.
LaTeX Info: Redefining \bigg on input line 724.
LaTeX Info: Redefining \Bigg on input line 725.
\big@size=\dimen141
LaTeX Font Info:    Redeclaring font encoding OML on input line 743.
LaTeX Font Info:    Redeclaring font encoding OMS on input line 744.
\macc@depth=\count271
LaTeX Info: Redefining \bmod on input line 905.
LaTeX Info: Redefining \pmod on input line 910.
LaTeX Info: Redefining \smash on input line 940.
LaTeX Info: Redefining \relbar on input line 970.
LaTeX Info: Redefining \Relbar on input line 971.
\c@MaxMatrixCols=\count272
\dotsspace@=\muskip16
\c@parentequation=\count273
\dspbrk@lvl=\count274
\tag@help=\toks21
\row@=\count275
\column@=\count276
\maxfields@=\count277
\andhelp@=\toks22
\eqnshift@=\dimen142
\alignsep@=\dimen143
\tagshift@=\dimen144
\tagwidth@=\dimen145
\totwidth@=\dimen146
\lineht@=\dimen147
\@envbody=\toks23
\multlinegap=\skip52
\multlinetaggap=\skip53
\mathdisplay@stack=\toks24
LaTeX Info: Redefining \[ on input line 2953.
LaTeX Info: Redefining \] on input line 2954.
)
(/usr/share/texlive/texmf-dist/tex/latex/url/url.sty
\Urlmuskip=\muskip17
Package: url 2013/09/16  ver 3.4  Verb mode for urls, etc.
)
(/usr/share/texlive/texmf-dist/tex/latex/natbib/natbib.sty
Package: natbib 2010/09/13 8.31b (PWD, AO)
\bibhang=\skip54
\bibsep=\skip55
LaTeX Info: Redefining \cite on input line 694.
\c@NAT@ctr=\count278
)
Class revtex4-2 Info: Repairing natbib's \BibitemShut on input line 7676.

(/usr/share/texlive/texmf-dist/tex/latex/revtex/revsymb4-2.sty
Package: revsymb4-2 2022/06/05 4.2f (https://journals.aps.org/revtex/ for docum
entation)
LaTeX Info: Redefining \frak on input line 104.
LaTeX Info: Redefining \Bbb on input line 120.
LaTeX Info: Redefining \REV@mathfrak on input line 128.
)
luaotfload | db : Font names database loaded from /home/marchywka/.texlive2023/t
exmf-var/luatex-cache/generic/names/luaotfload-names.luc.gz)
(/usr/share/texlive/texmf-dist/tex/latex/tools/array.sty
Rollback for package 'array' requested -> date 2016-10-06.
         Best approximation is the release introduced on 2016-10-06.

(/usr/share/texlive/texmf-dist/tex/latex/tools/array-2016-10-06.sty
Package: array 2016/10/06 v2.4d Tabular extension package (FMi)
\col@sep=\dimen148
\extrarowheight=\dimen149
\NC@list=\toks25
\extratabsurround=\skip56
\backup@length=\skip57
))
(/home/documents/latex/share/includes/myskeletonpackages.tex
(/usr/share/texlive/texmf-dist/tex/latex/fp/fp.sty
Package: fp 1995/04/02

`Fixed Point Package', Version 0.8, April 2, 1995 (C) Michael Mehlich
(/usr/share/texlive/texmf-dist/tex/latex/fp/defpattern.sty
Package: defpattern 1994/10/12
\actioncount=\count279
)
(/usr/share/texlive/texmf-dist/tex/latex/fp/fp-basic.sty
Package: fp-basic 1996/05/13
\FP@xs=\count280
\FP@xia=\count281
\FP@xib=\count282
\FP@xfa=\count283
\FP@xfb=\count284
\FP@rega=\count285
\FP@regb=\count286
\FP@regs=\count287
\FP@times=\count288
)
(/usr/share/texlive/texmf-dist/tex/latex/fp/fp-addons.sty
Package: fp-addons 1995/03/15
)
(/usr/share/texlive/texmf-dist/tex/latex/fp/fp-snap.sty
Package: fp-snap 1995/04/05
)
(/usr/share/texlive/texmf-dist/tex/latex/fp/fp-exp.sty
Package: fp-exp 1995/04/03
)
(/usr/share/texlive/texmf-dist/tex/latex/fp/fp-trigo.sty
Package: fp-trigo 1995/04/14
)
(/usr/share/texlive/texmf-dist/tex/latex/fp/fp-pas.sty
Package: fp-pas 1994/08/29
)
(/usr/share/texlive/texmf-dist/tex/latex/fp/fp-random.sty
Package: fp-random 1995/02/23
\FPseed=\count289
)
(/usr/share/texlive/texmf-dist/tex/latex/fp/fp-eqn.sty
Package: fp-eqn 1995/04/03
)
(/usr/share/texlive/texmf-dist/tex/latex/fp/fp-upn.sty
Package: fp-upn 1996/10/21
)
(/usr/share/texlive/texmf-dist/tex/latex/fp/fp-eval.sty
Package: fp-eval 1995/04/03
))
(/usr/share/texlive/texmf-dist/tex/latex/siunitx/siunitx.sty
Package: siunitx 2024-01-25 v3.3.10 A comprehensive (SI) units package
\l__siunitx_number_uncert_offset_int=\count290
\l__siunitx_number_exponent_fixed_int=\count291
\l__siunitx_number_min_decimal_int=\count292
\l__siunitx_number_min_integer_int=\count293
\l__siunitx_number_round_precision_int=\count294
\l__siunitx_number_lower_threshold_int=\count295
\l__siunitx_number_upper_threshold_int=\count296
\l__siunitx_number_group_first_int=\count297
\l__siunitx_number_group_size_int=\count298
\l__siunitx_number_group_minimum_int=\count299
\l__siunitx_angle_tmp_dim=\dimen150
\l__siunitx_angle_marker_box=\box68
\l__siunitx_angle_unit_box=\box69
\l__siunitx_compound_count_int=\count300

(/usr/share/texlive/texmf-dist/tex/latex/translations/translations.sty
Package: translations 2022/02/05 v1.12 internationalization of LaTeX2e packages
 (CN)

(/usr/share/texlive/texmf-dist/tex/latex/etoolbox/etoolbox.sty
Package: etoolbox 2020/10/05 v2.5k e-TeX tools for LaTeX (JAW)
\etb@tempcnta=\count301
)
(/usr/share/texlive/texmf-dist/tex/generic/pdftexcmds/pdftexcmds.sty
Package: pdftexcmds 2020-06-27 v0.33 Utility functions of pdfTeX for LuaTeX (HO
)

(/usr/share/texlive/texmf-dist/tex/generic/infwarerr/infwarerr.sty
Package: infwarerr 2019/12/03 v1.5 Providing info/warning/error messages (HO)
)
(/usr/share/texlive/texmf-dist/tex/generic/iftex/iftex.sty
Package: iftex 2022/02/03 v1.0f TeX engine tests
)
(/usr/share/texlive/texmf-dist/tex/generic/ltxcmds/ltxcmds.sty
Package: ltxcmds 2023-12-04 v1.26 LaTeX kernel commands for general use (HO)
)
Package pdftexcmds Info: \pdf@primitive is available.
Package pdftexcmds Info: \pdf@ifprimitive is available.
Package pdftexcmds Info: \pdfdraftmode found.
\pdftexcmds@toks=\toks26
))
\l__siunitx_table_tmp_box=\box70
\l__siunitx_table_tmp_dim=\dimen151
\l__siunitx_table_column_width_dim=\dimen152
\l__siunitx_table_integer_box=\box71
\l__siunitx_table_decimal_box=\box72
\l__siunitx_table_uncert_box=\box73
\l__siunitx_table_before_box=\box74
\l__siunitx_table_after_box=\box75
\l__siunitx_table_before_dim=\dimen153
\l__siunitx_table_carry_dim=\dimen154
\l__siunitx_unit_tmp_int=\count302
\l__siunitx_unit_position_int=\count303
\l__siunitx_unit_total_int=\count304
)
(/usr/share/texlive/texmf-dist/tex/latex/pbox/pbox.sty
Package: pbox 2011/12/07 v1.2 Dynamic parboxes

(/usr/share/texlive/texmf-dist/tex/latex/tools/calc.sty
Package: calc 2023/07/08 v4.3 Infix arithmetic (KKT,FJ)
\calc@Acount=\count305
\calc@Bcount=\count306
\calc@Adimen=\dimen155
\calc@Bdimen=\dimen156
\calc@Askip=\skip58
\calc@Bskip=\skip59
LaTeX Info: Redefining \setlength on input line 80.
LaTeX Info: Redefining \addtolength on input line 81.
\calc@Ccount=\count307
\calc@Cskip=\skip60
)
(/usr/share/texlive/texmf-dist/tex/latex/base/ifthen.sty
Package: ifthen 2022/04/13 v1.1d Standard LaTeX ifthen package (DPC)
)
\pb@xlen=\skip61
)
(/usr/share/texlive/texmf-dist/tex/latex/comment/comment.sty
\CommentStream=\write4

Excluding comment 'comment')
(/usr/share/texlive/texmf-dist/tex/latex/framed/framed.sty
Package: framed 2011/10/22 v 0.96: framed or shaded text with page breaks
\OuterFrameSep=\skip62
\fb@frw=\dimen157
\fb@frh=\dimen158
\FrameRule=\dimen159
\FrameSep=\dimen160
)
(/home/documents/latex/pkg/lgrind.sty
Package: lgrind 1997/01/30 v3.4 LGrind environment and supporting stuff
\lc@unt=\count308
\ln@xt=\count309
\LGnuminterval=\count310
\LGindent=\skip63
\LGsloppy=\skip64
\procbox=\box76
\ls@far=\box77
\tb@x=\box78
\TBw@d=\dimen161
\@ts=\dimen162
)
(/usr/share/texlive/texmf-dist/tex/latex/graphics/color.sty
Package: color 2022/01/06 v1.3d Standard LaTeX Color (DPC)

(/usr/share/texlive/texmf-dist/tex/latex/graphics-cfg/color.cfg
File: color.cfg 2016/01/02 v1.6 sample color configuration
)
Package color Info: Driver file: luatex.def on input line 149.

(/usr/share/texlive/texmf-dist/tex/latex/graphics-def/luatex.def
File: luatex.def 2022/09/22 v1.2d Graphics/color driver for luatex
)
(/usr/share/texlive/texmf-dist/tex/latex/graphics/mathcolor.ltx))
(/usr/share/texlive/texmf-dist/tex/latex/graphics/graphics.sty
Package: graphics 2022/03/10 v1.4e Standard LaTeX Graphics (DPC,SPQR)

(/usr/share/texlive/texmf-dist/tex/latex/graphics/trig.sty
Package: trig 2021/08/11 v1.11 sin cos tan (DPC)
)
(/usr/share/texlive/texmf-dist/tex/latex/graphics-cfg/graphics.cfg
File: graphics.cfg 2016/06/04 v1.11 sample graphics configuration
)
Package graphics Info: Driver file: luatex.def on input line 107.
)
(/usr/share/texlive/texmf-dist/tex/latex/graphics/graphicx.sty
Package: graphicx 2021/09/16 v1.2d Enhanced LaTeX Graphics (DPC,SPQR)

(/usr/share/texlive/texmf-dist/tex/latex/graphics/keyval.sty
Package: keyval 2022/05/29 v1.15 key=value parser (DPC)
\KV@toks@=\toks27
)
\Gin@req@height=\dimen163
\Gin@req@width=\dimen164
)
(/usr/share/texlive/texmf-dist/tex/latex/tools/longtable.sty
Package: longtable 2023-11-01 v4.19 Multi-page Table package (DPC)
\LTleft=\skip65
\LTright=\skip66
\LTpre=\skip67
\LTpost=\skip68
\LTchunksize=\count311
\LTcapwidth=\dimen165
\LT@head=\box79
\LT@firsthead=\box80
\LT@foot=\box81
\LT@lastfoot=\box82
\LT@gbox=\box83
\LT@cols=\count312
\LT@rows=\count313
\c@LT@tables=\count314
\c@LT@chunks=\count315
\LT@p@ftn=\toks28
)
(/usr/share/texlive/texmf-dist/tex/generic/epsf/epsf.sty
This is `epsf.tex' v2.7.4 <14 February 2011>
\epsffilein=\read2
\epsfframemargin=\dimen166
\epsfframethickness=\dimen167
\epsfrsize=\dimen168
\epsftmp=\dimen169
\epsftsize=\dimen170
\epsfxsize=\dimen171
\epsfysize=\dimen172
\pspoints=\dimen173
) (/usr/share/texlive/texmf-dist/tex/latex/tools/bm.sty
Package: bm 2023/07/08 v1.2f Bold Symbol Support (DPC/FMi)
\symboldoperators=\mathgroup6
\symboldletters=\mathgroup7
\symboldsymbols=\mathgroup8
Package bm Info: No bold for \OMX/cmex/m/n, using \pmb.
Package bm Info: No bold for \U/msa/m/n, using \pmb.
Package bm Info: No bold for \U/msb/m/n, using \pmb.
LaTeX Font Info:    Redeclaring math alphabet \mathbf on input line 149.
LaTeX Info: Redefining \bm on input line 219.
)
(/usr/share/texlive/texmf-dist/tex/latex/hyperref/hyperref.sty
Package: hyperref 2024-01-20 v7.01h Hypertext links for LaTeX

(/usr/share/texlive/texmf-dist/tex/latex/kvsetkeys/kvsetkeys.sty
Package: kvsetkeys 2022-10-05 v1.19 Key value parser (HO)
)
(/usr/share/texlive/texmf-dist/tex/generic/kvdefinekeys/kvdefinekeys.sty
Package: kvdefinekeys 2019-12-19 v1.6 Define keys (HO)
)
(/usr/share/texlive/texmf-dist/tex/generic/pdfescape/pdfescape.sty
Package: pdfescape 2019/12/09 v1.15 Implements pdfTeX's escape features (HO)
)
(/usr/share/texlive/texmf-dist/tex/latex/hycolor/hycolor.sty
Package: hycolor 2020-01-27 v1.10 Color options for hyperref/bookmark (HO)
)
(/usr/share/texlive/texmf-dist/tex/latex/auxhook/auxhook.sty
Package: auxhook 2019-12-17 v1.6 Hooks for auxiliary files (HO)
)
(/usr/share/texlive/texmf-dist/tex/latex/hyperref/nameref.sty
Package: nameref 2023-11-26 v2.56 Cross-referencing by name of section

(/usr/share/texlive/texmf-dist/tex/latex/refcount/refcount.sty
Package: refcount 2019/12/15 v3.6 Data extraction from label references (HO)
)
(/usr/share/texlive/texmf-dist/tex/generic/gettitlestring/gettitlestring.sty
Package: gettitlestring 2019/12/15 v1.6 Cleanup title references (HO)

(/usr/share/texlive/texmf-dist/tex/latex/kvoptions/kvoptions.sty
Package: kvoptions 2022-06-15 v3.15 Key value format for package options (HO)
))

Package nameref Warning: The definition of \label has changed! 
(nameref)                Check your packages! 
(nameref)                Replacing it with the kernel definition on input line 
149.

\c@section@level=\count316
)
\@linkdim=\dimen174
\Hy@linkcounter=\count317
\Hy@pagecounter=\count318
 (/usr/share/texlive/texmf-dist/tex/latex/hyperref/pd1enc.def
File: pd1enc.def 2024-01-20 v7.01h Hyperref: PDFDocEncoding definition (HO)
)
(/usr/share/texlive/texmf-dist/tex/generic/intcalc/intcalc.sty
Package: intcalc 2019/12/15 v1.3 Expandable calculations with integers (HO)
)
\Hy@SavedSpaceFactor=\count319

(/usr/share/texlive/texmf-dist/tex/latex/hyperref/puenc.def
File: puenc.def 2024-01-20 v7.01h Hyperref: PDF Unicode definition (HO)
)
Package hyperref Info: Option `colorlinks' set `true' on input line 4062.
Package hyperref Info: Hyper figures OFF on input line 4179.
Package hyperref Info: Link nesting OFF on input line 4184.
Package hyperref Info: Hyper index ON on input line 4187.
Package hyperref Info: Plain pages OFF on input line 4194.
Package hyperref Info: Backreferencing OFF on input line 4199.
Package hyperref Info: Implicit mode ON; LaTeX internals redefined.
Package hyperref Info: Bookmarks ON on input line 4446.
LaTeX Info: Redefining \href on input line 4695.
\c@Hy@tempcnt=\count320
LaTeX Info: Redefining \url on input line 4784.
\XeTeXLinkMargin=\dimen175

(/usr/share/texlive/texmf-dist/tex/generic/bitset/bitset.sty
Package: bitset 2019/12/09 v1.3 Handle bit-vector datatype (HO)

(/usr/share/texlive/texmf-dist/tex/generic/bigintcalc/bigintcalc.sty
Package: bigintcalc 2019/12/15 v1.5 Expandable calculations on big integers (HO
)
))
\Fld@menulength=\count321
\Field@Width=\dimen176
\Fld@charsize=\dimen177
Package hyperref Info: Hyper figures OFF on input line 6063.
Package hyperref Info: Link nesting OFF on input line 6068.
Package hyperref Info: Hyper index ON on input line 6071.
Package hyperref Info: backreferencing OFF on input line 6078.
Package hyperref Info: Link coloring ON on input line 6081.
Package hyperref Info: Link coloring with OCG OFF on input line 6088.
Package hyperref Info: PDF/A mode OFF on input line 6093.

(/usr/share/texlive/texmf-dist/tex/latex/base/atbegshi-ltx.sty
Package: atbegshi-ltx 2021/01/10 v1.0c Emulation of the original atbegshi
package with kernel methods
)
\Hy@abspage=\count322
\c@Item=\count323
\c@Hfootnote=\count324
)
Package hyperref Info: Driver (autodetected): hluatex.

(/usr/share/texlive/texmf-dist/tex/latex/hyperref/hluatex.def
File: hluatex.def 2024-01-20 v7.01h Hyperref driver for luaTeX

(/usr/share/texlive/texmf-dist/tex/generic/stringenc/stringenc.sty
Package: stringenc 2019/11/29 v1.12 Convert strings between diff. encodings (HO
)
)
(/usr/share/texlive/texmf-dist/tex/latex/base/atveryend-ltx.sty
Package: atveryend-ltx 2020/08/19 v1.0a Emulation of the original atveryend pac
kage
with kernel methods
)
\Fld@listcount=\count325
\c@bookmark@seq@number=\count326

(/usr/share/texlive/texmf-dist/tex/latex/rerunfilecheck/rerunfilecheck.sty
Package: rerunfilecheck 2022-07-10 v1.10 Rerun checks for auxiliary files (HO)

(/usr/share/texlive/texmf-dist/tex/generic/uniquecounter/uniquecounter.sty
Package: uniquecounter 2019/12/15 v1.4 Provide unlimited unique counter (HO)
)
Package uniquecounter Info: New unique counter `rerunfilecheck' on input line 2
85.
)
\Hy@SectionHShift=\skip69
)
(/home/documents/latex/pkg/fltpage.sty
Package: fltpage 1998/10/29 v.0.3 Floats on full page (SMU)

(/usr/share/texlive/texmf-dist/tex/latex/tools/afterpage.sty
Package: afterpage 2023/07/04 v1.08 After-Page Package (DPC)
\AP@output=\toks29
\AP@partial=\box84
\AP@footins=\box85
)
\c@FP@figureC=\count327
\c@FP@tableC=\count328
\FP@floatCorpusBOX=\box86
)
(/usr/share/texlive/texmf-dist/tex/latex/lipsum/lipsum.sty
(/usr/share/texlive/texmf-dist/tex/latex/l3packages/l3keys2e/l3keys2e.sty
(/usr/share/texlive/texmf-dist/tex/latex/l3kernel/expl3.sty
Package: expl3 2024-01-22 L3 programming layer (loader) 

(/usr/share/texlive/texmf-dist/tex/latex/l3backend/l3backend-luatex.def
File: l3backend-luatex.def 2024-01-04 L3 backend support: PDF output (LuaTeX)
\l__color_backend_stack_int=\count329
Inserting `l3color' in `luaotfload.parse_color'.
\l__pdf_internal_box=\box87
))
Package: l3keys2e 2023-10-10 LaTeX2e option processing using LaTeX3 keys
)
Package: lipsum 2021-09-20 v2.7 150 paragraphs of Lorem Ipsum dummy text
\g__lipsum_par_int=\count330
\l__lipsum_a_int=\count331
\l__lipsum_b_int=\count332

(/usr/share/texlive/texmf-dist/tex/latex/lipsum/lipsum.ltd.tex))
(/usr/share/texlive/texmf-dist/tex/latex/threeparttable/threeparttable.sty
Package: threeparttable 2003/06/13  v 3.0
\@tempboxb=\box88
)
(/usr/share/texlive/texmf-dist/tex/latex/mhchem/mhchem.sty
Package: mhchem 2024/01/29 v4.10 for typesetting chemical formulae

(/usr/share/texlive/texmf-dist/tex/latex/chemgreek/chemgreek.sty
(/usr/share/texlive/texmf-dist/tex/latex/l3packages/xparse/xparse.sty
Package: xparse 2023-10-10 L3 Experimental document command parser
)
Package: chemgreek 2020/01/16 v1.1a interface for upright Greek letters for use
 in chemistry (CN)
\l__chemgreek_tmpa_int=\count333
\g__chemgreek_tmpa_int=\count334
)
\l__mhchem_ce_distanceFromLastComma_int=\count335
\__mhchem_arrow_extPgfLength_skip=\skip70
\mhchem@minispace@tmp=\skip71
\mhchem@minibackspace@tmp=\skip72
\mhchem@bondwidth=\skip73
\mhchem@bondheight=\skip74
\mhchem@smallbondwidth@tmpA=\skip75
\mhchem@smallbondwidth@tmpB=\skip76
\mhchem@smallbondwidth=\skip77
\mhchem@bondtmp@minussidebearingleft=\skip78
\mhchem@bondtmp@minussidebearingright=\skip79
\l__mhchem_option_version_int=\count336
\mhchem@option@minusmathsidebearingleft=\dimen178
\mhchem@option@minusmathsidebearingright=\dimen179
\mhchem@option@minustextsidebearingleft=\dimen180
\mhchem@option@minustextsidebearingright=\dimen181
)
(/home/documents/latex/share/overrides/mol2chemfig.sty
Package: mol2chemfig 2014/03/24 v1.4

(/usr/share/texlive/texmf-dist/tex/latex/xcolor/xcolor.sty
Package: xcolor 2023/11/15 v3.01 LaTeX color extensions (UK)

(/usr/share/texlive/texmf-dist/tex/latex/graphics-cfg/color.cfg
File: color.cfg 2016/01/02 v1.6 sample color configuration
)
Package xcolor Info: Driver file: luatex.def on input line 274.
LaTeX Info: Redefining \color on input line 758.

(/usr/share/texlive/texmf-dist/tex/latex/graphics/mathcolor.ltx)
Package xcolor Info: Model `cmy' substituted by `cmy0' on input line 1350.
Package xcolor Info: Model `hsb' substituted by `rgb' on input line 1354.
Package xcolor Info: Model `RGB' extended on input line 1366.
Package xcolor Info: Model `HTML' substituted by `rgb' on input line 1368.
Package xcolor Info: Model `Hsb' substituted by `hsb' on input line 1369.
Package xcolor Info: Model `tHsb' substituted by `hsb' on input line 1370.
Package xcolor Info: Model `HSB' substituted by `hsb' on input line 1371.
Package xcolor Info: Model `Gray' substituted by `gray' on input line 1372.
Package xcolor Info: Model `wave' substituted by `hsb' on input line 1373.
)
(/usr/share/texlive/texmf-dist/tex/generic/chemfig/chemfig.sty
(/usr/share/texlive/texmf-dist/tex/latex/pgf/frontendlayer/tikz.sty
(/usr/share/texlive/texmf-dist/tex/latex/pgf/basiclayer/pgf.sty
(/usr/share/texlive/texmf-dist/tex/latex/pgf/utilities/pgfrcs.sty
(/usr/share/texlive/texmf-dist/tex/generic/pgf/utilities/pgfutil-common.tex
\pgfutil@everybye=\toks30
\pgfutil@tempdima=\dimen182
\pgfutil@tempdimb=\dimen183
)
(/usr/share/texlive/texmf-dist/tex/generic/pgf/utilities/pgfutil-latex.def
\pgfutil@abb=\box89
)
(/usr/share/texlive/texmf-dist/tex/generic/pgf/utilities/pgfrcs.code.tex
(/usr/share/texlive/texmf-dist/tex/generic/pgf/pgf.revision.tex)
Package: pgfrcs 2023-01-15 v3.1.10 (3.1.10)
))
Package: pgf 2023-01-15 v3.1.10 (3.1.10)

(/usr/share/texlive/texmf-dist/tex/latex/pgf/basiclayer/pgfcore.sty
(/usr/share/texlive/texmf-dist/tex/latex/pgf/systemlayer/pgfsys.sty
(/usr/share/texlive/texmf-dist/tex/generic/pgf/systemlayer/pgfsys.code.tex
Package: pgfsys 2023-01-15 v3.1.10 (3.1.10)

(/usr/share/texlive/texmf-dist/tex/generic/pgf/utilities/pgfkeys.code.tex
\pgfkeys@pathtoks=\toks31
\pgfkeys@temptoks=\toks32

(/usr/share/texlive/texmf-dist/tex/generic/pgf/utilities/pgfkeyslibraryfiltered
.code.tex
\pgfkeys@tmptoks=\toks33
))
\pgf@x=\dimen184
\pgf@y=\dimen185
\pgf@xa=\dimen186
\pgf@ya=\dimen187
\pgf@xb=\dimen188
\pgf@yb=\dimen189
\pgf@xc=\dimen190
\pgf@yc=\dimen191
\pgf@xd=\dimen192
\pgf@yd=\dimen193
\w@pgf@writea=\write5
\r@pgf@reada=\read3
\c@pgf@counta=\count337
\c@pgf@countb=\count338
\c@pgf@countc=\count339
\c@pgf@countd=\count340
\t@pgf@toka=\toks34
\t@pgf@tokb=\toks35
\t@pgf@tokc=\toks36
\pgf@sys@id@count=\count341
 (/usr/share/texlive/texmf-dist/tex/generic/pgf/systemlayer/pgf.cfg
File: pgf.cfg 2023-01-15 v3.1.10 (3.1.10)
)
Driver file for pgf: pgfsys-luatex.def
(/usr/share/texlive/texmf-dist/tex/generic/pgf/systemlayer/pgfsys-luatex.def
File: pgfsys-luatex.def 2023-01-15 v3.1.10 (3.1.10)

(/usr/share/texlive/texmf-dist/tex/generic/pgf/systemlayer/pgfsys-common-pdf.de
f
File: pgfsys-common-pdf.def 2023-01-15 v3.1.10 (3.1.10)
)))
(/usr/share/texlive/texmf-dist/tex/generic/pgf/systemlayer/pgfsyssoftpath.code.
tex
File: pgfsyssoftpath.code.tex 2023-01-15 v3.1.10 (3.1.10)
\pgfsyssoftpath@smallbuffer@items=\count342
\pgfsyssoftpath@bigbuffer@items=\count343
)
(/usr/share/texlive/texmf-dist/tex/generic/pgf/systemlayer/pgfsysprotocol.code.
tex
File: pgfsysprotocol.code.tex 2023-01-15 v3.1.10 (3.1.10)
))
(/usr/share/texlive/texmf-dist/tex/generic/pgf/basiclayer/pgfcore.code.tex
Package: pgfcore 2023-01-15 v3.1.10 (3.1.10)

(/usr/share/texlive/texmf-dist/tex/generic/pgf/math/pgfmath.code.tex
(/usr/share/texlive/texmf-dist/tex/generic/pgf/math/pgfmathutil.code.tex)
(/usr/share/texlive/texmf-dist/tex/generic/pgf/math/pgfmathparser.code.tex
\pgfmath@dimen=\dimen194
\pgfmath@count=\count344
\pgfmath@box=\box90
\pgfmath@toks=\toks37
\pgfmath@stack@operand=\toks38
\pgfmath@stack@operation=\toks39
)
(/usr/share/texlive/texmf-dist/tex/generic/pgf/math/pgfmathfunctions.code.tex)
(/usr/share/texlive/texmf-dist/tex/generic/pgf/math/pgfmathfunctions.basic.code
.tex)
(/usr/share/texlive/texmf-dist/tex/generic/pgf/math/pgfmathfunctions.trigonomet
ric.code.tex)
(/usr/share/texlive/texmf-dist/tex/generic/pgf/math/pgfmathfunctions.random.cod
e.tex)
(/usr/share/texlive/texmf-dist/tex/generic/pgf/math/pgfmathfunctions.comparison
.code.tex)
(/usr/share/texlive/texmf-dist/tex/generic/pgf/math/pgfmathfunctions.base.code.
tex)
(/usr/share/texlive/texmf-dist/tex/generic/pgf/math/pgfmathfunctions.round.code
.tex)
(/usr/share/texlive/texmf-dist/tex/generic/pgf/math/pgfmathfunctions.misc.code.
tex)
(/usr/share/texlive/texmf-dist/tex/generic/pgf/math/pgfmathfunctions.integerari
thmetics.code.tex)
(/usr/share/texlive/texmf-dist/tex/generic/pgf/math/pgfmathcalc.code.tex)
(/usr/share/texlive/texmf-dist/tex/generic/pgf/math/pgfmathfloat.code.tex
\c@pgfmathroundto@lastzeros=\count345
))
(/usr/share/texlive/texmf-dist/tex/generic/pgf/math/pgfint.code.tex)
(/usr/share/texlive/texmf-dist/tex/generic/pgf/basiclayer/pgfcorepoints.code.te
x
File: pgfcorepoints.code.tex 2023-01-15 v3.1.10 (3.1.10)
\pgf@picminx=\dimen195
\pgf@picmaxx=\dimen196
\pgf@picminy=\dimen197
\pgf@picmaxy=\dimen198
\pgf@pathminx=\dimen199
\pgf@pathmaxx=\dimen256
\pgf@pathminy=\dimen257
\pgf@pathmaxy=\dimen258
\pgf@xx=\dimen259
\pgf@xy=\dimen260
\pgf@yx=\dimen261
\pgf@yy=\dimen262
\pgf@zx=\dimen263
\pgf@zy=\dimen264
)
(/usr/share/texlive/texmf-dist/tex/generic/pgf/basiclayer/pgfcorepathconstruct.
code.tex
File: pgfcorepathconstruct.code.tex 2023-01-15 v3.1.10 (3.1.10)
\pgf@path@lastx=\dimen265
\pgf@path@lasty=\dimen266
)
(/usr/share/texlive/texmf-dist/tex/generic/pgf/basiclayer/pgfcorepathusage.code
.tex
File: pgfcorepathusage.code.tex 2023-01-15 v3.1.10 (3.1.10)
\pgf@shorten@end@additional=\dimen267
\pgf@shorten@start@additional=\dimen268
)
(/usr/share/texlive/texmf-dist/tex/generic/pgf/basiclayer/pgfcorescopes.code.te
x
File: pgfcorescopes.code.tex 2023-01-15 v3.1.10 (3.1.10)
\pgfpic=\box91
\pgf@hbox=\box92
\pgf@layerbox@main=\box93
\pgf@picture@serial@count=\count346
)
(/usr/share/texlive/texmf-dist/tex/generic/pgf/basiclayer/pgfcoregraphicstate.c
ode.tex
File: pgfcoregraphicstate.code.tex 2023-01-15 v3.1.10 (3.1.10)
\pgflinewidth=\dimen269
)
(/usr/share/texlive/texmf-dist/tex/generic/pgf/basiclayer/pgfcoretransformation
s.code.tex
File: pgfcoretransformations.code.tex 2023-01-15 v3.1.10 (3.1.10)
\pgf@pt@x=\dimen270
\pgf@pt@y=\dimen271
\pgf@pt@temp=\dimen272
)
(/usr/share/texlive/texmf-dist/tex/generic/pgf/basiclayer/pgfcorequick.code.tex
File: pgfcorequick.code.tex 2023-01-15 v3.1.10 (3.1.10)
)
(/usr/share/texlive/texmf-dist/tex/generic/pgf/basiclayer/pgfcoreobjects.code.t
ex
File: pgfcoreobjects.code.tex 2023-01-15 v3.1.10 (3.1.10)
)
(/usr/share/texlive/texmf-dist/tex/generic/pgf/basiclayer/pgfcorepathprocessing
.code.tex
File: pgfcorepathprocessing.code.tex 2023-01-15 v3.1.10 (3.1.10)
)
(/usr/share/texlive/texmf-dist/tex/generic/pgf/basiclayer/pgfcorearrows.code.te
x
File: pgfcorearrows.code.tex 2023-01-15 v3.1.10 (3.1.10)
\pgfarrowsep=\dimen273
)
(/usr/share/texlive/texmf-dist/tex/generic/pgf/basiclayer/pgfcoreshade.code.tex
File: pgfcoreshade.code.tex 2023-01-15 v3.1.10 (3.1.10)
\pgf@max=\dimen274
\pgf@sys@shading@range@num=\count347
\pgf@shadingcount=\count348
)
(/usr/share/texlive/texmf-dist/tex/generic/pgf/basiclayer/pgfcoreimage.code.tex
File: pgfcoreimage.code.tex 2023-01-15 v3.1.10 (3.1.10)
)
(/usr/share/texlive/texmf-dist/tex/generic/pgf/basiclayer/pgfcoreexternal.code.
tex
File: pgfcoreexternal.code.tex 2023-01-15 v3.1.10 (3.1.10)
\pgfexternal@startupbox=\box94
)
(/usr/share/texlive/texmf-dist/tex/generic/pgf/basiclayer/pgfcorelayers.code.te
x
File: pgfcorelayers.code.tex 2023-01-15 v3.1.10 (3.1.10)
)
(/usr/share/texlive/texmf-dist/tex/generic/pgf/basiclayer/pgfcoretransparency.c
ode.tex
File: pgfcoretransparency.code.tex 2023-01-15 v3.1.10 (3.1.10)
)
(/usr/share/texlive/texmf-dist/tex/generic/pgf/basiclayer/pgfcorepatterns.code.
tex
File: pgfcorepatterns.code.tex 2023-01-15 v3.1.10 (3.1.10)
)
(/usr/share/texlive/texmf-dist/tex/generic/pgf/basiclayer/pgfcorerdf.code.tex
File: pgfcorerdf.code.tex 2023-01-15 v3.1.10 (3.1.10)
)))
(/usr/share/texlive/texmf-dist/tex/generic/pgf/modules/pgfmoduleshapes.code.tex
File: pgfmoduleshapes.code.tex 2023-01-15 v3.1.10 (3.1.10)
\pgfnodeparttextbox=\box95
) (/usr/share/texlive/texmf-dist/tex/generic/pgf/modules/pgfmoduleplot.code.tex
File: pgfmoduleplot.code.tex 2023-01-15 v3.1.10 (3.1.10)
)
(/usr/share/texlive/texmf-dist/tex/latex/pgf/compatibility/pgfcomp-version-0-65
.sty
Package: pgfcomp-version-0-65 2023-01-15 v3.1.10 (3.1.10)
\pgf@nodesepstart=\dimen275
\pgf@nodesepend=\dimen276
)
(/usr/share/texlive/texmf-dist/tex/latex/pgf/compatibility/pgfcomp-version-1-18
.sty
Package: pgfcomp-version-1-18 2023-01-15 v3.1.10 (3.1.10)
)) (/usr/share/texlive/texmf-dist/tex/latex/pgf/utilities/pgffor.sty
(/usr/share/texlive/texmf-dist/tex/latex/pgf/utilities/pgfkeys.sty
(/usr/share/texlive/texmf-dist/tex/generic/pgf/utilities/pgfkeys.code.tex))
(/usr/share/texlive/texmf-dist/tex/latex/pgf/math/pgfmath.sty
(/usr/share/texlive/texmf-dist/tex/generic/pgf/math/pgfmath.code.tex))
(/usr/share/texlive/texmf-dist/tex/generic/pgf/utilities/pgffor.code.tex
Package: pgffor 2023-01-15 v3.1.10 (3.1.10)
\pgffor@iter=\dimen277
\pgffor@skip=\dimen278
\pgffor@stack=\toks40
\pgffor@toks=\toks41
))
(/usr/share/texlive/texmf-dist/tex/generic/pgf/frontendlayer/tikz/tikz.code.tex
Package: tikz 2023-01-15 v3.1.10 (3.1.10)

(/usr/share/texlive/texmf-dist/tex/generic/pgf/libraries/pgflibraryplothandlers
.code.tex
File: pgflibraryplothandlers.code.tex 2023-01-15 v3.1.10 (3.1.10)
\pgf@plot@mark@count=\count349
\pgfplotmarksize=\dimen279
)
\tikz@lastx=\dimen280
\tikz@lasty=\dimen281
\tikz@lastxsaved=\dimen282
\tikz@lastysaved=\dimen283
\tikz@lastmovetox=\dimen284
\tikz@lastmovetoy=\dimen285
\tikzleveldistance=\dimen286
\tikzsiblingdistance=\dimen287
\tikz@figbox=\box96
\tikz@figbox@bg=\box97
\tikz@tempbox=\box98
\tikz@tempbox@bg=\box99
\tikztreelevel=\count350
\tikznumberofchildren=\count351
\tikznumberofcurrentchild=\count352
\tikz@fig@count=\count353

(/usr/share/texlive/texmf-dist/tex/generic/pgf/modules/pgfmodulematrix.code.tex
File: pgfmodulematrix.code.tex 2023-01-15 v3.1.10 (3.1.10)
\pgfmatrixcurrentrow=\count354
\pgfmatrixcurrentcolumn=\count355
\pgf@matrix@numberofcolumns=\count356
)
\tikz@expandcount=\count357

(/usr/share/texlive/texmf-dist/tex/generic/pgf/frontendlayer/tikz/libraries/tik
zlibrarytopaths.code.tex
File: tikzlibrarytopaths.code.tex 2023-01-15 v3.1.10 (3.1.10)
)))
(/usr/share/texlive/texmf-dist/tex/generic/chemfig/chemfig.tex
(/usr/share/texlive/texmf-dist/tex/generic/simplekv/simplekv.tex
Package: simplekv 2023/10/02 v0.2c Simple keyval package (CT)
)
(/usr/share/texlive/texmf-dist/tex/generic/pgf/libraries/pgflibraryarrows.meta.
code.tex
File: pgflibraryarrows.meta.code.tex 2023-01-15 v3.1.10 (3.1.10)
\pgfarrowinset=\dimen288
\pgfarrowlength=\dimen289
\pgfarrowwidth=\dimen290
\pgfarrowlinewidth=\dimen291
)
\CF_cnt_atomgroup=\count358
\CF_cnt_group=\count359
\CF_cnt_atom=\count360
\CF_cnt_cycle=\count361
\CF_cnt_cyclebonds=\count362
\CF_cnt_compound=\count363
\CF_dim=\dimen292
\CF_turnangle=\dimen293
\CF_arrowsize=\dimen294
\CF_zero=\dimen295
\CF_box=\box100
\CF_boxstuff=\box101
\CF_testbox=\box102
\CF_chargebox=\box103
\CF_substtoks=\toks42
)
Package: chemfig 2023/12/28 v1.66 Draw molecule with an easy syntax (CT)
) (/usr/share/texlive/texmf-dist/tex/latex/oberdiek/twoopt.sty
Package: twoopt 2016/05/16 v1.6 Definitions with two optional arguments (HO)
)
(/usr/share/texlive/texmf-dist/tex/latex/ifmtarg/ifmtarg.sty
Package: ifmtarg 2018/04/16 v1.2b check for an empty argument
)
(/usr/share/texlive/texmf-dist/tex/generic/pgf/frontendlayer/tikz/libraries/tik
zlibrarydecorations.code.tex
(/usr/share/texlive/texmf-dist/tex/generic/pgf/modules/pgfmoduledecorations.cod
e.tex
\pgfdecoratedcompleteddistance=\dimen296
\pgfdecoratedremainingdistance=\dimen297
\pgfdecoratedinputsegmentcompleteddistance=\dimen298
\pgfdecoratedinputsegmentremainingdistance=\dimen299
\pgf@decorate@distancetomove=\dimen300
\pgf@decorate@repeatstate=\count364
\pgfdecorationsegmentamplitude=\dimen301
\pgfdecorationsegmentlength=\dimen302
)
\tikz@lib@dec@box=\box104
)
\mcfvspace=\skip80
\mcf@boxwidth=\skip81
\mcf@boxheight=\skip82
) (/usr/share/texlive/texmf-dist/tex/generic/xstring/xstring.sty
(/usr/share/texlive/texmf-dist/tex/generic/xstring/xstring.tex
\xs_counta=\count365
\xs_countb=\count366
)
Package: xstring 2023/08/22 v1.86 String manipulations (CT)
)
(/usr/share/texlive/texmf-dist/tex/latex/floatrow/floatrow.sty
Package: floatrow 2008/08/02 v0.3b floatrow: float package extension

(/usr/share/texlive/texmf-dist/tex/latex/caption/caption3.sty
Package: caption3 2023/07/31 v2.4d caption3 kernel (AR)
\caption@tempdima=\dimen303
\captionmargin=\dimen304
\caption@leftmargin=\dimen305
\caption@rightmargin=\dimen306
\caption@width=\dimen307
\caption@indent=\dimen308
\caption@parindent=\dimen309
\caption@hangindent=\dimen310
Package caption Info: Unknown document class (or package),
(caption)             standard defaults will be used.
Package caption Info: \@makecaption = \long macro:#1#2->\par \vskip \abovecapti
onskip \begingroup \small \rmfamily \sbox \@tempboxa {\let \\\heading@cr \@make
@capt@title {#1}{#2}}\@ifdim {\wd \@tempboxa >\hsize }{\begingroup \samepage \f
lushing \let \footnote \@footnotemark@gobble \@make@capt@title {#1}{#2}\par \en
dgroup }{\global \@minipagefalse \hb@xt@ \hsize {\hfil \unhbox \@tempboxa \hfil
 }}\endgroup \vskip \belowcaptionskip  on input line 1175.
)
\c@float@type=\count367
\float@exts=\toks43
\float@box=\box105
\@floatcapt=\box106
Package floatrow Info: Modified float package code loaded on input line 455.
Package floatrow Info: Modified rotfloat package code loaded on input line 473.

\FR@everyfloat=\toks44
\flrow@foot=\insert252
\FB@wd=\dimen311
\FBo@wd=\dimen312
\FBc@wd=\dimen313
\FBo@ht=\skip83
\FBc@ht=\skip84
\FBf@ht=\skip85
\FBo@max=\skip86
\FBc@max=\skip87
\FBf@max=\skip88
\c@FBl@b=\count368
\floatbox@depth=\count369
\c@FRobj=\count370
\c@FRsobj=\count371
\Xhsize=\skip89
\sXhsize=\skip90
\Zhsize=\skip91
\sZhsize=\skip92
\flrow@rowbox=\box107
\FR@Zunitlength=\dimen314
\c@FBcnt=\count372
\FPOScnt=\count373
\LTleft=\skip93
\LTright=\skip94
\LTleft=\skip95
\LTright=\skip96
\flrow@types=\toks45
)
(/usr/share/texlive/texmf-dist/tex/latex/fancyhdr/fancyhdr.sty
Package: fancyhdr 2022/11/09 v4.1 Extensive control of page headers and footers

\f@nch@headwidth=\skip97
\f@nch@O@elh=\skip98
\f@nch@O@erh=\skip99
\f@nch@O@olh=\skip100
\f@nch@O@orh=\skip101
\f@nch@O@elf=\skip102
\f@nch@O@erf=\skip103
\f@nch@O@olf=\skip104
\f@nch@O@orf=\skip105
)
(/usr/share/texlive/texmf-dist/tex/latex/tools/dcolumn.sty
Package: dcolumn 2023/07/08 v1.06 decimal alignment package (DPC)
)
(/usr/share/texlive/texmf-dist/tex/generic/catchfile/catchfile.sty
Package: catchfile 2019/12/09 v1.8 Catch the contents of a file (HO)

(/usr/share/texlive/texmf-dist/tex/generic/etexcmds/etexcmds.sty
Package: etexcmds 2019/12/15 v1.7 Avoid name clashes with e-TeX commands (HO)
)))
(/usr/share/texlive/texmf-dist/tex/latex/morefloats/morefloats.sty
Package: morefloats 2015/07/22 v1.0h Raise limit of unprocessed floats (HMM)
Package morefloats Info: Maximum number of possible floats asked for: 36
(morefloats)             (i.e. 18 more floats).
(morefloats)             LaTeX might run out of memory before this
(morefloats)             (in which case it will notify you).
)
(/home/documents/latex/share/includes/recent_template.tex
(/usr/share/texlive/texmf-dist/tex/latex/listings/listings.sty
\lst@mode=\count374
\lst@gtempboxa=\box108
\lst@token=\toks46
\lst@length=\count375
\lst@currlwidth=\dimen315
\lst@column=\count376
\lst@pos=\count377
\lst@lostspace=\dimen316
\lst@width=\dimen317
\lst@newlines=\count378
\lst@lineno=\count379
\lst@maxwidth=\dimen318

(/usr/share/texlive/texmf-dist/tex/latex/listings/lstmisc.sty
File: lstmisc.sty 2023/02/27 1.9 (Carsten Heinz)
\c@lstnumber=\count380
\lst@skipnumbers=\count381
\lst@framebox=\box109
)
(/usr/share/texlive/texmf-dist/tex/latex/listings/listings.cfg
File: listings.cfg 2023/02/27 1.9 listings configuration
))
Package: listings 2023/02/27 1.9 (Carsten Heinz)
))
(/usr/share/texlive/texmf-dist/tex/latex/placeins/placeins.sty
Package: placeins 2005/04/18  v 2.2
)
Excluding 'comment' comment.
(/home/documents/latex/share/includes/mycommands.tex
(/home/documents/latex/share/includes/mjmaddbib.tex)
(/home/documents/latex/share/includes/mjmlistings.tex)) (./copper.last_page)
Excluding 'comment' comment.
\desttabw=\skip106
\chainwidth=\skip107
\slantwidth=\skip108
\subfigwidth=\skip109
\fullfigwidth=\skip110
\subwfigwidth=\skip111
\subwfigwidthrot=\skip112
\myboxwidth=\skip113
\picwidth=\skip114
 Include comment 'mdpicomment'
Excluding comment 'draftcomment' Excluding comment 'badmathcomment'
Excluding comment 'showworkcomment' Excluding 'comment' comment.
Class revtex4-2 Info: Unrecognized array package. Please update this document c
lass! (Proceeding with fingers crossed.) on input line 3103.


Class revtex4-2 Warning: Failed to patch the float package.

Class revtex4-2 Info: Patching unrecognized longtable package. (Proceeding with
 fingers crossed) on input line 3103.
Class revtex4-2 Info: cite was not loaded (OK!) on input line 3103.
Class revtex4-2 Info: mcite was not loaded (OK!) on input line 3103.
Class revtex4-2 Info: multicol was not loaded (OK!) on input line 3103.
Package translations Info: No language package found. I am going to use `englis
h' as default language. on input line 3103.
(./copper.aux)
\openout1 = copper.aux

LaTeX Font Info:    Checking defaults for OML/cmm/m/it on input line 3103.
LaTeX Font Info:    ... okay on input line 3103.
LaTeX Font Info:    Checking defaults for OMS/cmsy/m/n on input line 3103.
LaTeX Font Info:    ... okay on input line 3103.
LaTeX Font Info:    Checking defaults for OT1/cmr/m/n on input line 3103.
LaTeX Font Info:    ... okay on input line 3103.
LaTeX Font Info:    Checking defaults for T1/cmr/m/n on input line 3103.
LaTeX Font Info:    ... okay on input line 3103.
LaTeX Font Info:    Checking defaults for TS1/cmr/m/n on input line 3103.
LaTeX Font Info:    Trying to load font information for TS1+cmr on input line 3
103.
 (/usr/share/texlive/texmf-dist/tex/latex/base/ts1cmr.fd
File: ts1cmr.fd 2023/04/13 v2.5m Standard LaTeX font definitions
)
LaTeX Font Info:    ... okay on input line 3103.
LaTeX Font Info:    Checking defaults for TU/lmr/m/n on input line 3103.
LaTeX Font Info:    ... okay on input line 3103.
LaTeX Font Info:    Checking defaults for OMX/cmex/m/n on input line 3103.
LaTeX Font Info:    ... okay on input line 3103.
LaTeX Font Info:    Checking defaults for U/cmr/m/n on input line 3103.
LaTeX Font Info:    ... okay on input line 3103.
LaTeX Font Info:    Checking defaults for PD1/pdf/m/n on input line 3103.
LaTeX Font Info:    ... okay on input line 3103.
LaTeX Font Info:    Checking defaults for PU/pdf/m/n on input line 3103.
LaTeX Font Info:    ... okay on input line 3103.

(/usr/share/texlive/texmf-dist/tex/latex/translations/translations-basic-dictio
nary-english.trsl
File: translations-basic-dictionary-english.trsl (english translation file `tra
nslations-basic-dictionary')
)
Package translations Info: loading dictionary `translations-basic-dictionary' f
or `english'. on input line 3103.

(/usr/share/texlive/texmf-dist/tex/context/base/mkii/supp-pdf.mkii
[Loading MPS to PDF converter (version 2006.09.02).]
\scratchcounter=\count382
\scratchdimen=\dimen319
\scratchbox=\box110
\nofMPsegments=\count383
\nofMParguments=\count384
\everyMPshowfont=\toks47
\MPscratchCnt=\count385
\MPscratchDim=\dimen320
\MPnumerator=\count386
\makeMPintoPDFobject=\count387
\everyMPtoPDFconversion=\toks48
) (/usr/share/texlive/texmf-dist/tex/latex/epstopdf-pkg/epstopdf-base.sty
Package: epstopdf-base 2020-01-24 v2.11 Base part for package epstopdf

(/usr/share/texlive/texmf-dist/tex/latex/grfext/grfext.sty
Package: grfext 2019/12/03 v1.3 Manage graphics extensions (HO)
)
Package epstopdf-base Info: Redefining graphics rule for `.eps' on input line 4
85.
Package grfext Info: Graphics extension search list:
(grfext)             [.pdf,.png,.jpg,.mps,.jpeg,.jbig2,.jb2,.PDF,.PNG,.JPG,.JPE
G,.JBIG2,.JB2,.eps]
(grfext)             \AppendGraphicsExtensions on input line 504.

(/usr/share/texlive/texmf-dist/tex/latex/latexconfig/epstopdf-sys.cfg
File: epstopdf-sys.cfg 2010/07/13 v1.3 Configuration of (r)epstopdf for TeX Liv
e
))
Package hyperref Info: Link coloring ON on input line 3103.

(./copper.out) (./copper.out)
\@outlinefile=\write6

\openout6 = copper.out

Package chemgreek Info: Activating mapping `default' on line 3103.

Package caption Info: Begin \AtBeginDocument code.
Package caption Info: End \AtBeginDocument code.

(/usr/share/texlive/texmf-dist/tex/latex/floatrow/fr-longtable.sty
Package: fr-longtable 2007/11/28 v0.1b (beta) floatrow: additions for longtable

\flrow@LT@lasthead=\box111
\flrow@LT@prelastfoot=\box112
\c@FBLTpage=\count388
)
\c@lstlisting=\count389
Class revtex4-2 Info: Taking \maketitle back from hyperref on input line 3103.

\openout3 = copperNotes.bib

Overfull \hbox (23.45999pt too wide) in paragraph at lines 3153--3154
[][]
 []


Underfull \hbox (badness 10000) in paragraph at lines 3153--3154

 []

Excluding 'comment' comment.
LaTeX Font Info:    Trying to load font information for U+msa on input line 333
0.

(/usr/share/texlive/texmf-dist/tex/latex/amsfonts/umsa.fd
File: umsa.fd 2013/01/14 v3.01 AMS symbols A
)
LaTeX Font Info:    Trying to load font information for U+msb on input line 333
0.

(/usr/share/texlive/texmf-dist/tex/latex/amsfonts/umsb.fd
File: umsb.fd 2013/01/14 v3.01 AMS symbols B
) [1{/var/lib/texmf/fonts/map/pdftex/updmap/pdftex.map}] (./copper.toc [2])
\tf@toc=\write7

\openout7 = copper.toc

Overfull \hbox (10.0pt too wide) in paragraph at lines 3340--3345
[]$[]$ 
 []

[3] [4]
Overfull \hbox (13.45999pt too wide) in paragraph at lines 3369--3370
[]
 []

[5]
Overfull \hbox (23.45999pt too wide) in paragraph at lines 3374--3374
[][]
 []


Underfull \hbox (badness 10000) in paragraph at lines 3374--3374

 []

[6]
Overfull \hbox (23.45999pt too wide) in paragraph at lines 3379--3379
[][]
 []

[7]
Overfull \hbox (23.45999pt too wide) in paragraph at lines 3387--3387
[][]
 []


Underfull \hbox (badness 10000) in paragraph at lines 3387--3387

 []


Overfull \hbox (13.45999pt too wide) in paragraph at lines 3387--3387
[]
 []

[8]
Overfull \hbox (13.45999pt too wide) in paragraph at lines 3391--3391
[]
 []


Underfull \hbox (badness 10000) in paragraph at lines 3391--3391

 []

[9]
Overfull \hbox (23.45999pt too wide) in paragraph at lines 3395--3395
[][]
 []

[10]
Overfull \hbox (252.70999pt too wide) in paragraph at lines 3403--3403
\TU/lmr/m/n/10 bust against Cys-teine ( and ascor-bate ) in-hi-bi-tion [[]].  [
]
 []

[11] [12] [13]
Overfull \hbox (4.94597pt too wide) in paragraph at lines 3515--3515
[]\TU/lmr/m/n/10 Med-i-cal man-age-ment can in-clude an-ti-tus-sive ther-apy, an
-tibi-otics, bron-chodila-tors, and/or anti-inflammation
 []

[14] [15]
Overfull \hbox (365.07887pt too wide) in paragraph at lines 3523--3523
[]\TU/lmr/m/n/10 Cop-per may an-tag-o-nize many pathogens in-clud-ing H py-lori [[]] and clostridum  []
 []


Underfull \hbox (badness 10000) in paragraph at lines 3523--3523

 []

[16] [17]
Overfull \hbox (23.45999pt too wide) in paragraph at lines 3531--3531
[][]
 []


Underfull \hbox (badness 10000) in paragraph at lines 3531--3531

 []

[18]
Overfull \hbox (23.45999pt too wide) in paragraph at lines 3559--3559
[][]
 []


Underfull \hbox (badness 10000) in paragraph at lines 3559--3559

 []


Overfull \hbox (23.45999pt too wide) in paragraph at lines 3559--3559
[][]
 []

[19]
Overfull \hbox (13.45999pt too wide) in paragraph at lines 3559--3559
[]
 []


Underfull \hbox (badness 10000) in paragraph at lines 3559--3559

 []

[20]
Overfull \hbox (23.45999pt too wide) in paragraph at lines 3567--3567
[][]
 []


Underfull \hbox (badness 10000) in paragraph at lines 3567--3567

 []

[21]
<keep/happycu.jpeg, id=1145, 1606.0pt x 1204.5pt>
File: keep/happycu.jpeg Graphic file (type jpg)
<use keep/happycu.jpeg>
Package luatex.def Info: keep/happycu.jpeg  used on input line 4050.
(luatex.def)             Requested size: 144.53377pt x 144.53375pt.
<keep/rockycu.jpeg, id=1146, 1606.0pt x 1204.5pt>
File: keep/rockycu.jpeg Graphic file (type jpg)
<use keep/rockycu.jpeg>
Package luatex.def Info: keep/rockycu.jpeg  used on input line 4050.
(luatex.def)             Requested size: 144.53377pt x 144.53375pt.
<keep/annie.jpeg, id=1147, 1606.0pt x 1204.5pt>
File: keep/annie.jpeg Graphic file (type jpg)
<use keep/annie.jpeg>
Package luatex.def Info: keep/annie.jpeg  used on input line 4050.
(luatex.def)             Requested size: 144.53377pt x 144.53375pt.
<keep/mixiepic.jpeg, id=1148, 1606.0pt x 1204.5pt>
File: keep/mixiepic.jpeg Graphic file (type jpg)
<use keep/mixiepic.jpeg>
Package luatex.def Info: keep/mixiepic.jpeg  used on input line 4050.
(luatex.def)             Requested size: 144.53377pt x 144.53375pt.
<keep/trixiepic.jpeg, id=1149, 1606.0pt x 1204.5pt>
File: keep/trixiepic.jpeg Graphic file (type jpg)
<use keep/trixiepic.jpeg>
Package luatex.def Info: keep/trixiepic.jpeg  used on input line 4050.
(luatex.def)             Requested size: 144.53377pt x 144.53375pt.
<keep/browniepic.jpeg, id=1150, 1606.0pt x 1204.5pt>
File: keep/browniepic.jpeg Graphic file (type jpg)
<use keep/browniepic.jpeg>
Package luatex.def Info: keep/browniepic.jpeg  used on input line 4050.
(luatex.def)             Requested size: 144.53377pt x 144.53375pt.
<keep/dexter2020.jpg, id=1151, 1204.5pt x 1606.0pt>
File: keep/dexter2020.jpg Graphic file (type jpg)
<use keep/dexter2020.jpg>
Package luatex.def Info: keep/dexter2020.jpg  used on input line 4050.
(luatex.def)             Requested size: 144.53375pt x 144.53377pt.
 [22] [23<./keep/happycu.jpeg><./keep/rockycu.jpeg><./keep/annie.jpeg><./keep/mi
xiepic.jpeg><./keep/trixiepic.jpeg><./keep/browniepic.jpeg><./keep/dexter2020.jp
g>] (./muqed_caveats.tex) [24]
<keep/hershey_cu_i.jpg, id=1201, 1412.27625pt x 602.25pt>
File: keep/hershey_cu_i.jpg Graphic file (type jpg)
<use keep/hershey_cu_i.jpg>
Package luatex.def Info: keep/hershey_cu_i.jpg  used on input line 4168.
(luatex.def)             Requested size: 408.00156pt x 173.98637pt.

Underfull \hbox (badness 1253) in paragraph at lines 4170--4170
[]|\TU/lmr/m/n/9 de-vel-oped skin prob-lem, vet pre-scribed clava-mox and mi-con
a-zole
 []

[25<./keep/hershey_cu_i.jpg>] [26]
<keep/happy_cuznall.jpg, id=1215, 1610.015pt x 602.25pt>
File: keep/happy_cuznall.jpg Graphic file (type jpg)
<use keep/happy_cuznall.jpg>
Package luatex.def Info: keep/happy_cuznall.jpg  used on input line 4178.
(luatex.def)             Requested size: 408.00156pt x 152.6114pt.
<keep/happy_cuzn.jpg, id=1216, 1610.015pt x 602.25pt>
File: keep/happy_cuzn.jpg Graphic file (type jpg)
<use keep/happy_cuzn.jpg>
Package luatex.def Info: keep/happy_cuzn.jpg  used on input line 4178.
(luatex.def)             Requested size: 408.00156pt x 152.6114pt.

Overfull \hbox (13.45999pt too wide) in paragraph at lines 4180--4180
[]
 []

[27<./keep/happy_cuznall.jpg><./keep/happy_cuzn.jpg>]
<keep/brownie_cu30.jpg, id=1226, 1422.31375pt x 616.3025pt>
File: keep/brownie_cu30.jpg Graphic file (type jpg)
<use keep/brownie_cu30.jpg>
Package luatex.def Info: keep/brownie_cu30.jpg  used on input line 4198.
(luatex.def)             Requested size: 408.00156pt x 176.78592pt.
 [28<./keep/brownie_cu30.jpg>]
<keep/mixie_cu.jpg, id=1234, 1382.16376pt x 602.25pt>
File: keep/mixie_cu.jpg Graphic file (type jpg)
<use keep/mixie_cu.jpg>
Package luatex.def Info: keep/mixie_cu.jpg  used on input line 4204.
(luatex.def)             Requested size: 408.00156pt x 177.77248pt.
<keep/trixie_cu30.jpg, id=1235, 1084.05pt x 602.25pt>
File: keep/trixie_cu30.jpg Graphic file (type jpg)
<use keep/trixie_cu30.jpg>
Package luatex.def Info: keep/trixie_cu30.jpg  used on input line 4209.
(luatex.def)             Requested size: 408.00156pt x 226.67024pt.
<keep/trixie_cu.jpg, id=1236, 1482.53876pt x 602.25pt>
File: keep/trixie_cu.jpg Graphic file (type jpg)
<use keep/trixie_cu.jpg>
Package luatex.def Info: keep/trixie_cu.jpg  used on input line 4209.
(luatex.def)             Requested size: 408.00156pt x 165.73413pt.
 [29<./keep/mixie_cu.jpg>]
<keep/rocky_cu30.jpg, id=1242, 1094.0875pt x 602.25pt>
File: keep/rocky_cu30.jpg Graphic file (type jpg)
<use keep/rocky_cu30.jpg>
Package luatex.def Info: keep/rocky_cu30.jpg  used on input line 4214.
(luatex.def)             Requested size: 408.00156pt x 224.58421pt.
<keep/rocky_o30.jpg, id=1243, 1094.0875pt x 602.25pt>
File: keep/rocky_o30.jpg Graphic file (type jpg)
<use keep/rocky_o30.jpg>
Package luatex.def Info: keep/rocky_o30.jpg  used on input line 4214.
(luatex.def)             Requested size: 408.00156pt x 224.58421pt.
<keep/rocky_i.jpg, id=1244, 1248.665pt x 602.25pt>
File: keep/rocky_i.jpg Graphic file (type jpg)
<use keep/rocky_i.jpg>
Package luatex.def Info: keep/rocky_i.jpg  used on input line 4216.
(luatex.def)             Requested size: 408.00156pt x 196.78572pt.
 [30<./keep/trixie_cu30.jpg><./keep/trixie_cu.jpg>] [31<./keep/rocky_cu30.jpg><.
/keep/rocky_o30.jpg>]
<keep/annie_cu30.jpg, id=1262, 1176.395pt x 602.25pt>
File: keep/annie_cu30.jpg Graphic file (type jpg)
<use keep/annie_cu30.jpg>
Package luatex.def Info: keep/annie_cu30.jpg  used on input line 4222.
(luatex.def)             Requested size: 408.00156pt x 208.87003pt.
<keep/annie_swelling.jpg, id=1263, 1193.45876pt x 602.25pt>
File: keep/annie_swelling.jpg Graphic file (type jpg)
<use keep/annie_swelling.jpg>
Package luatex.def Info: keep/annie_swelling.jpg  used on input line 4222.
(luatex.def)             Requested size: 408.00156pt x 205.8834pt.
 [32<./keep/rocky_i.jpg><./keep/annie_cu30.jpg>]
<keep/dexter_cu30.jpg, id=1270, 1173.38374pt x 602.25pt>
File: keep/dexter_cu30.jpg Graphic file (type jpg)
<use keep/dexter_cu30.jpg>
Package luatex.def Info: keep/dexter_cu30.jpg  used on input line 4227.
(luatex.def)             Requested size: 408.00156pt x 209.40303pt.
<keep/dexter_cuzoom.jpg, id=1271, 1173.38374pt x 602.25pt>
File: keep/dexter_cuzoom.jpg Graphic file (type jpg)
<use keep/dexter_cuzoom.jpg>
Package luatex.def Info: keep/dexter_cuzoom.jpg  used on input line 4227.
(luatex.def)             Requested size: 408.00156pt x 209.40303pt.
<keep/dexter_zn.jpg, id=1272, 1084.05pt x 602.25pt>
File: keep/dexter_zn.jpg Graphic file (type jpg)
<use keep/dexter_zn.jpg>
Package luatex.def Info: keep/dexter_zn.jpg  used on input line 4227.
(luatex.def)             Requested size: 408.00156pt x 226.67024pt.
 [33<./keep/annie_swelling.jpg><./keep/dexter_cu30.jpg>]
[34<./keep/dexter_cuzoom.jpg><./keep/dexter_zn.jpg>]
<keep/daisy_cu.jpg, id=1296, 1094.0875pt x 602.25pt>
File: keep/daisy_cu.jpg Graphic file (type jpg)
<use keep/daisy_cu.jpg>
Package luatex.def Info: keep/daisy_cu.jpg  used on input line 4257.
(luatex.def)             Requested size: 408.00156pt x 224.58421pt.
<keep/claire_cu.jpg, id=1297, 1094.0875pt x 602.25pt>
File: keep/claire_cu.jpg Graphic file (type jpg)
<use keep/claire_cu.jpg>
Package luatex.def Info: keep/claire_cu.jpg  used on input line 4257.
(luatex.def)             Requested size: 408.00156pt x 224.58421pt.
<keep/frankie_cu.jpg, id=1298, 1094.0875pt x 602.25pt>
File: keep/frankie_cu.jpg Graphic file (type jpg)
<use keep/frankie_cu.jpg>
Package luatex.def Info: keep/frankie_cu.jpg  used on input line 4257.
(luatex.def)             Requested size: 408.00156pt x 224.58421pt.
 [35<./keep/daisy_cu.jpg>]
[36<./keep/claire_cu.jpg><./keep/frankie_cu.jpg>] [37]
Overfull \hbox (23.45999pt too wide) in paragraph at lines 4417--4434
[][]
 []


Overfull \hbox (23.45999pt too wide) in paragraph at lines 4502--4503
[][]
 []


Underfull \hbox (badness 10000) in paragraph at lines 4502--4503

 []

(./copper_food_chem.tex
Overfull \hbox (23.45999pt too wide) in paragraph at lines 3--4
[][]
 []


Underfull \hbox (badness 10000) in paragraph at lines 3--4

 []

[38]
Overfull \hbox (13.45999pt too wide) in paragraph at lines 89--114
[]
 []


Underfull \hbox (badness 10000) in paragraph at lines 89--114

 []

<keep/bakingpan.jpg, id=1352, 1204.5pt x 1606.0pt>
File: keep/bakingpan.jpg Graphic file (type jpg)
<use keep/bakingpan.jpg>
Package luatex.def Info: keep/bakingpan.jpg  used on input line 117.
(luatex.def)             Requested size: 289.0859pt x 216.80064pt.
[39<./keep/bakingpan.jpg>]
Overfull \hbox (23.45999pt too wide) in paragraph at lines 161--162
[][]
 []


Underfull \hbox (badness 10000) in paragraph at lines 161--162

 []

[40] Excluding 'comment' comment.) (./copper_gralic_chem.tex
Overfull \hbox (23.45999pt too wide) in paragraph at lines 63--64
[][]
 []


Underfull \hbox (badness 10000) in paragraph at lines 63--64

 []

) (./copper_doit_best.tex [41]) [42] (./ancient_copper.tex
Overfull \hbox (23.45999pt too wide) in paragraph at lines 2--3
[][]
 []


Underfull \hbox (badness 10000) in paragraph at lines 2--3

 []

)
Overfull \hbox (23.45999pt too wide) in paragraph at lines 4596--4597
[][]
 []


Underfull \hbox (badness 10000) in paragraph at lines 4596--4597

 []

[43] (./copper.bbl [44] [45]
Underfull \hbox (badness 2277) in paragraph at lines 301--312
[]\TU/lmr/m/n/9 Elina Bernts-son, Faraz Vosough, Teodor Svantes-son, Jonathan Pa
n-sieri, Igor A. Iashchishyn, Lu-cija Os-to-
 []

[46]
Underfull \hbox (badness 2435) in paragraph at lines 436--442
[]\TU/lmr/m/n/9 George J. Brewer.  Risks of cop-per and iron tox-i-c-ity dur-ing
 ag-ing in hu-mans.  \TU/lmr/m/it/9 Chem-i-cal Re-search in
 []


Underfull \hbox (badness 10000) in paragraph at lines 436--442
\TU/lmr/m/it/9 Tox-i-col-ogy\TU/lmr/m/n/9 , 23, 02 2010.  URL: [][]$\TU/lmtt/m/
n/9 https://www.researchgate.net/profile/George-[]Brewer-[]2/publication/
 []


Underfull \hbox (badness 10000) in paragraph at lines 436--442
\TU/lmtt/m/n/9 40455171_Risks_of_Copper_and_Iron_Toxicity_during_Aging_in_Humans
/links/5ce2ce1da6fdccc9ddbfe8bc/
 []

[47] [48] [49] [50] [51] [52] [53] [54]
Underfull \hbox (badness 5316) in paragraph at lines 2043--2050
[]\TU/lmr/m/n/9 M.J. Marchy-wka.  On the age dis-tri-bu-tion of sars-cov-2 pa-ti
ents.  Tech-ni-cal Re-port MJM-2020-002-
 []


Underfull \hbox (badness 5817) in paragraph at lines 2043--2050
\TU/lmr/m/n/9 0.10, not in-sti-tu-tion-al-ized , in-de-pen-dent, 306 Charles Cox
 , Can-ton GA 30115, 7 2020.  Ver-sion
 []


Underfull \hbox (badness 5878) in paragraph at lines 2043--2050
\TU/lmr/m/n/9 0.10 , may change sign-f-i-cantly if less than 1.00.  URL: [][]$\
TU/lmtt/m/n/9 https://www.linkedin.com/posts/marchywka_
 []

[55]
Underfull \hbox (badness 1377) in paragraph at lines 2061--2069
[]\TU/lmr/m/n/9 M.J. Marchy-wka.  Ca-nine heart-worm treated with doxy-cy-cline,
 iver-mectin and var-i-ous sup-ple-ments.  Tech-
 []


Underfull \hbox (badness 3601) in paragraph at lines 2061--2069
\TU/lmr/m/n/9 ni-cal Re-port MJM-2019-001, not in-sti-tu-tion-al-ized , in-de-pe
n-dent, 306 Charles Cox , Can-ton GA 30115,
 []


Underfull \hbox (badness 1953) in paragraph at lines 2061--2069
\TU/lmr/m/n/9 March 2021.  May be re-cy-cled in ap-pro-pri-ate me-dia.  URL: []
[]$\TU/lmtt/m/n/9 https://www.linkedin.com/posts/marchywka_
 []

[56]
Underfull \hbox (badness 3260) in paragraph at lines 2361--2366
[]\TU/lmr/m/n/9 New Hope Net-work.  Top 100 sup-ple-ments by 2023 u.s. sales.  
\TU/lmr/m/it/9 Top 100 Sup-ple-ments by 2023 U.S.
 []

[57] [58] [59] [60] [61] [62] [63] [64]) [65] Including 'mdpicomment' comment.
\openout4 = comment.cut

Straight input of comment.cut. (./comment.cut)
Including 'mdpicomment' comment.
\openout4 = comment.cut
 Straight input of comment.cut. (./comment.cut
Excluding 'comment' comment. [66] (./keep/monthly.tex
Overfull \hbox (32.57286pt too wide) in paragraph at lines 6--62
 []$[]$ 
 []


Overfull \hbox (36.92886pt too wide) in paragraph at lines 66--111
 []$[]$ 
 []

[67] [68] [69]) [70] [71] Excluding 'comment' comment.
(/home/documents/latex/share/includes/disclaimer-gaslight.tex)
(/home/documents/latex/share/includes/disclaimer-status.tex) [72]
(./releases.tex)
Overfull \hbox (10.0pt too wide) in paragraph at lines 147--152
[]$[]$ 
 []

Package hyperref Info: bookmark level for unknown lstlisting defaults to 0 on i
nput line 160.
(./copper.bundle_checksums [73] [74])) [75] (./copper.aux)
 ***********
LaTeX2e <2023-11-01> patch level 1
L3 programming layer <2024-01-22>
 ***********
Package rerunfilecheck Info: File `copper.out' has not changed.
(rerunfilecheck)             Checksum: 8B29886E7ADAD02B64C81E7D253734BB;13494.
)

Here is how much of LuaTeX's memory you used:
 36942 strings out of 476553
 1164675,2373549 words of node,token memory allocated
 2518 words of node memory still in use:
   12 hlist, 2 vlist, 2 rule, 2 glue, 4 kern, 1 glyph, 195 attribute, 79 glue_sp
ec, 195 attribute_list, 182 pdf_action nodes
   avail lists: 1:2,2:9900,3:1566,4:382,5:31875,6:176,7:32824,8:222,9:64339,10:3
5,11:3409
 57189 multiletter control sequences out of 65536+600000
 82 fonts using 5775615 bytes
 124i,20n,116p,749b,2593s stack positions out of 10000i,1000n,20000p,200000b,200000s
</usr/share/texmf/fonts/opentype/public/lm/lmroman10-italic.otf></usr/share/texm
f/fonts/opentype/public/lm/lmroman6-regular.otf></usr/share/texmf/fonts/opentype
/public/lm/lmmono9-regular.otf></usr/share/texmf/fonts/opentype/public/lm/lmmono
10-regular.otf></usr/share/texmf/fonts/opentype/public/lm/lmroman7-regular.otf><
/usr/share/texmf/fonts/opentype/public/lm/lmroman8-regular.otf></usr/share/texmf
/fonts/opentype/public/lm/lmroman9-bold.otf></usr/share/texmf/fonts/opentype/pub
lic/lm/lmroman9-regular.otf></usr/share/texmf/fonts/opentype/public/lm/lmroman9-
italic.otf></usr/share/texmf/fonts/opentype/public/lm/lmroman12-bold.otf></usr/s
hare/texmf/fonts/opentype/public/lm/lmroman10-regular.otf></usr/share/texmf/font
s/opentype/public/lm/lmroman10-bold.otf></usr/share/texlive/texmf-dist/fonts/typ
e1/public/amsfonts/cm/cmmi10.pfb></usr/share/texlive/texmf-dist/fonts/type1/publ
ic/amsfonts/cm/cmmi6.pfb></usr/share/texlive/texmf-dist/fonts/type1/public/amsfo
nts/cm/cmmi9.pfb></usr/share/texlive/texmf-dist/fonts/type1/public/amsfonts/cm/c
mr10.pfb></usr/share/texlive/texmf-dist/fonts/type1/public/amsfonts/cm/cmr6.pfb>
</usr/share/texlive/texmf-dist/fonts/type1/public/amsfonts/cm/cmr7.pfb></usr/sha
re/texlive/texmf-dist/fonts/type1/public/amsfonts/cm/cmr9.pfb></usr/share/texliv
e/texmf-dist/fonts/type1/public/amsfonts/cm/cmsy10.pfb></usr/share/texlive/texmf
-dist/fonts/type1/public/amsfonts/cm/cmsy6.pfb></usr/share/texlive/texmf-dist/fo
nts/type1/public/amsfonts/cm/cmsy7.pfb></usr/share/texlive/texmf-dist/fonts/type
1/public/amsfonts/cm/cmsy9.pfb>
Output written on copper.pdf (75 pages, 5220176 bytes).

PDF statistics: 2791 PDF objects out of 2984 (max. 8388607)
 2613 compressed objects within 27 object streams
 708 named destinations out of 1000 (max. 131072)
 512 words of extra memory for PDF output out of 10000 (max. 100000000)

